app/build/intermediates/manifest_merge_blame_file/debug/manifest-merger-blame-debug-report.txt
1<?xml version="1.0" encoding="utf-8"?>
2<manifest xmlns:android="http://schemas.android.com/apk/res/android"
3    package="com.google.corrigan.owen.wordformed"
4    android:versionCode="1"
5    android:versionName="1.0" >
6
7    <uses-sdk
8        android:minSdkVersion="24"
9        android:targetSdkVersion="34" />
10
11    <uses-permission android:name="android.permission.VIBRATE" />
11-->src/main/AndroidManifest.xml:4:5-65
11-->src/main/AndroidManifest.xml:4:22-63
12
13    <permission
13-->[androidx.core:core:1.12.0] AndroidManifest.xml:22:5-24:47
14        android:name="com.google.corrigan.owen.wordformed.DYNAMIC_RECEIVER_NOT_EXPORTED_PERMISSION"
14-->[androidx.core:core:1.12.0] AndroidManifest.xml:23:9-81
15        android:protectionLevel="signature" />
15-->[androidx.core:core:1.12.0] AndroidManifest.xml:24:9-44
16
17    <uses-permission android:name="com.google.corrigan.owen.wordformed.DYNAMIC_RECEIVER_NOT_EXPORTED_PERMISSION" />
17-->[androidx.core:core:1.12.0] AndroidManifest.xml:26:5-97
17-->[androidx.core:core:1.12.0] AndroidManifest.xml:26:22-94
18
19    <application
19-->src/main/AndroidManifest.xml:6:5-51:19
20        android:appComponentFactory="androidx.core.app.CoreComponentFactory"
20-->[androidx.core:core:1.12.0] AndroidManifest.xml:28:18-86
21        android:debuggable="true"
22        android:extractNativeLibs="false"
23        android:icon="@drawable/word2"
23-->src/main/AndroidManifest.xml:7:9-39
24        android:label="@string/app_name" >
24-->src/main/AndroidManifest.xml:8:9-41
25        <activity
25-->src/main/AndroidManifest.xml:10:9-20:20
26            android:name="com.google.corrigan.owen.wordformed.WordFormed"
26-->src/main/AndroidManifest.xml:12:13-39
27            android:exported="true"
27-->src/main/AndroidManifest.xml:15:13-36
28            android:label="@string/app_name"
28-->src/main/AndroidManifest.xml:14:13-45
29            android:screenOrientation="portrait"
29-->src/main/AndroidManifest.xml:13:13-49
30            android:theme="@android:style/Theme.NoTitleBar" >
30-->src/main/AndroidManifest.xml:11:13-60
31            <intent-filter>
31-->src/main/AndroidManifest.xml:16:13-19:29
32                <action android:name="android.intent.action.MAIN" />
32-->src/main/AndroidManifest.xml:17:17-69
32-->src/main/AndroidManifest.xml:17:25-66
33
34                <category android:name="android.intent.category.LAUNCHER" />
34-->src/main/AndroidManifest.xml:18:17-77
34-->src/main/AndroidManifest.xml:18:27-74
35            </intent-filter>
36        </activity>
37        <activity
37-->src/main/AndroidManifest.xml:21:9-26:39
38            android:name="com.google.corrigan.owen.wordformed.HiScoreActivity"
38-->src/main/AndroidManifest.xml:23:13-44
39            android:exported="false"
39-->src/main/AndroidManifest.xml:26:13-37
40            android:label="@string/high_score_title"
40-->src/main/AndroidManifest.xml:25:13-53
41            android:screenOrientation="portrait"
41-->src/main/AndroidManifest.xml:24:13-49
42            android:theme="@android:style/Theme.NoTitleBar" />
42-->src/main/AndroidManifest.xml:22:13-60
43        <activity
43-->src/main/AndroidManifest.xml:27:9-32:39
44            android:name="com.google.corrigan.owen.wordformed.HowToPlay"
44-->src/main/AndroidManifest.xml:28:13-38
45            android:exported="false"
45-->src/main/AndroidManifest.xml:32:13-37
46            android:label="@string/how_to_play_title"
46-->src/main/AndroidManifest.xml:29:13-54
47            android:screenOrientation="portrait"
47-->src/main/AndroidManifest.xml:30:13-49
48            android:theme="@android:style/Theme.Dialog" />
48-->src/main/AndroidManifest.xml:31:13-56
49        <activity
49-->src/main/AndroidManifest.xml:33:9-38:39
50            android:name="com.google.corrigan.owen.wordformed.MultiplayerGame"
50-->src/main/AndroidManifest.xml:34:13-44
51            android:exported="false"
51-->src/main/AndroidManifest.xml:38:13-37
52            android:label="@string/multiplayer_game_title"
52-->src/main/AndroidManifest.xml:36:13-59
53            android:screenOrientation="portrait"
53-->src/main/AndroidManifest.xml:35:13-49
54            android:theme="@android:style/Theme.NoTitleBar" />
54-->src/main/AndroidManifest.xml:37:13-60
55        <activity
55-->src/main/AndroidManifest.xml:39:9-44:39
56            android:name="com.google.corrigan.owen.wordformed.SinglePlayerGame"
56-->src/main/AndroidManifest.xml:40:13-45
57            android:exported="false"
57-->src/main/AndroidManifest.xml:44:13-37
58            android:label="@string/single_player_title"
58-->src/main/AndroidManifest.xml:42:13-56
59            android:screenOrientation="portrait"
59-->src/main/AndroidManifest.xml:41:13-49
60            android:theme="@android:style/Theme.NoTitleBar" />
60-->src/main/AndroidManifest.xml:43:13-60
61        <activity
61-->src/main/AndroidManifest.xml:45:9-50:39
62            android:name="com.google.corrigan.owen.wordformed.GameOverActivity"
62-->src/main/AndroidManifest.xml:46:13-45
63            android:exported="false"
63-->src/main/AndroidManifest.xml:50:13-37
64            android:label="@string/single_player_title"
64-->src/main/AndroidManifest.xml:48:13-56
65            android:screenOrientation="portrait"
65-->src/main/AndroidManifest.xml:47:13-49
66            android:theme="@android:style/Theme.NoTitleBar" />
66-->src/main/AndroidManifest.xml:49:13-60
67        <activity
67-->[androidx.compose.ui:ui-test-manifest:1.6.1] AndroidManifest.xml:23:9-25:39
68            android:name="androidx.activity.ComponentActivity"
68-->[androidx.compose.ui:ui-test-manifest:1.6.1] AndroidManifest.xml:24:13-63
69            android:exported="true" />
69-->[androidx.compose.ui:ui-test-manifest:1.6.1] AndroidManifest.xml:25:13-36
70        <activity
70-->[androidx.compose.ui:ui-tooling-android:1.6.1] AndroidManifest.xml:23:9-25:39
71            android:name="androidx.compose.ui.tooling.PreviewActivity"
71-->[androidx.compose.ui:ui-tooling-android:1.6.1] AndroidManifest.xml:24:13-71
72            android:exported="true" />
72-->[androidx.compose.ui:ui-tooling-android:1.6.1] AndroidManifest.xml:25:13-36
73
74        <provider
74-->[androidx.emoji2:emoji2:1.3.0] AndroidManifest.xml:24:9-32:20
75            android:name="androidx.startup.InitializationProvider"
75-->[androidx.emoji2:emoji2:1.3.0] AndroidManifest.xml:25:13-67
76            android:authorities="com.google.corrigan.owen.wordformed.androidx-startup"
76-->[androidx.emoji2:emoji2:1.3.0] AndroidManifest.xml:26:13-68
77            android:exported="false" >
77-->[androidx.emoji2:emoji2:1.3.0] AndroidManifest.xml:27:13-37
78            <meta-data
78-->[androidx.emoji2:emoji2:1.3.0] AndroidManifest.xml:29:13-31:52
79                android:name="androidx.emoji2.text.EmojiCompatInitializer"
79-->[androidx.emoji2:emoji2:1.3.0] AndroidManifest.xml:30:17-75
80                android:value="androidx.startup" />
80-->[androidx.emoji2:emoji2:1.3.0] AndroidManifest.xml:31:17-49
81            <meta-data
81-->[androidx.lifecycle:lifecycle-process:2.7.0] AndroidManifest.xml:29:13-31:52
82                android:name="androidx.lifecycle.ProcessLifecycleInitializer"
82-->[androidx.lifecycle:lifecycle-process:2.7.0] AndroidManifest.xml:30:17-78
83                android:value="androidx.startup" />
83-->[androidx.lifecycle:lifecycle-process:2.7.0] AndroidManifest.xml:31:17-49
84            <meta-data
84-->[androidx.profileinstaller:profileinstaller:1.3.0] AndroidManifest.xml:29:13-31:52
85                android:name="androidx.profileinstaller.ProfileInstallerInitializer"
85-->[androidx.profileinstaller:profileinstaller:1.3.0] AndroidManifest.xml:30:17-85
86                android:value="androidx.startup" />
86-->[androidx.profileinstaller:profileinstaller:1.3.0] AndroidManifest.xml:31:17-49
87        </provider>
88
89        <service
89-->[androidx.room:room-runtime:2.6.1] AndroidManifest.xml:24:9-28:63
90            android:name="androidx.room.MultiInstanceInvalidationService"
90-->[androidx.room:room-runtime:2.6.1] AndroidManifest.xml:25:13-74
91            android:directBootAware="true"
91-->[androidx.room:room-runtime:2.6.1] AndroidManifest.xml:26:13-43
92            android:exported="false" />
92-->[androidx.room:room-runtime:2.6.1] AndroidManifest.xml:27:13-37
93
94        <receiver
94-->[androidx.profileinstaller:profileinstaller:1.3.0] AndroidManifest.xml:34:9-52:20
95            android:name="androidx.profileinstaller.ProfileInstallReceiver"
95-->[androidx.profileinstaller:profileinstaller:1.3.0] AndroidManifest.xml:35:13-76
96            android:directBootAware="false"
96-->[androidx.profileinstaller:profileinstaller:1.3.0] AndroidManifest.xml:36:13-44
97            android:enabled="true"
97-->[androidx.profileinstaller:profileinstaller:1.3.0] AndroidManifest.xml:37:13-35
98            android:exported="true"
98-->[androidx.profileinstaller:profileinstaller:1.3.0] AndroidManifest.xml:38:13-36
99            android:permission="android.permission.DUMP" >
99-->[androidx.profileinstaller:profileinstaller:1.3.0] AndroidManifest.xml:39:13-57
100            <intent-filter>
100-->[androidx.profileinstaller:profileinstaller:1.3.0] AndroidManifest.xml:40:13-42:29
101                <action android:name="androidx.profileinstaller.action.INSTALL_PROFILE" />
101-->[androidx.profileinstaller:profileinstaller:1.3.0] AndroidManifest.xml:41:17-91
101-->[androidx.profileinstaller:profileinstaller:1.3.0] AndroidManifest.xml:41:25-88
102            </intent-filter>
103            <intent-filter>
103-->[androidx.profileinstaller:profileinstaller:1.3.0] AndroidManifest.xml:43:13-45:29
104                <action android:name="androidx.profileinstaller.action.SKIP_FILE" />
104-->[androidx.profileinstaller:profileinstaller:1.3.0] AndroidManifest.xml:44:17-85
104-->[androidx.profileinstaller:profileinstaller:1.3.0] AndroidManifest.xml:44:25-82
105            </intent-filter>
106            <intent-filter>
106-->[androidx.profileinstaller:profileinstaller:1.3.0] AndroidManifest.xml:46:13-48:29
107                <action android:name="androidx.profileinstaller.action.SAVE_PROFILE" />
107-->[androidx.profileinstaller:profileinstaller:1.3.0] AndroidManifest.xml:47:17-88
107-->[androidx.profileinstaller:profileinstaller:1.3.0] AndroidManifest.xml:47:25-85
108            </intent-filter>
109            <intent-filter>
109-->[androidx.profileinstaller:profileinstaller:1.3.0] AndroidManifest.xml:49:13-51:29
110                <action android:name="androidx.profileinstaller.action.BENCHMARK_OPERATION" />
110-->[androidx.profileinstaller:profileinstaller:1.3.0] AndroidManifest.xml:50:17-95
110-->[androidx.profileinstaller:profileinstaller:1.3.0] AndroidManifest.xml:50:25-92
111            </intent-filter>
112        </receiver>
113    </application>
114
115</manifest>